<?xml version="1.0" encoding="UTF-8" ?>
<testsuite tests="8" failures="0" name="at.ac.tuwien.sepm.groupphase.backend.integrationtest.MessageEndpointTest" time="1.812" errors="8" skipped="0">
  <properties>
[...]
</properties>
  <testcase classname="at.ac.tuwien.sepm.groupphase.backend.integrationtest.MessageEndpointTest" name="publishMessageUnauthorizedAsAnonymous" time="0.687">
    <error message="Bad credentials" type="org.springframework.security.authentication.BadCredentialsException">org.springframework.security.authentication.BadCredentialsException: Bad credentials
	at org.springframework.security.authentication.dao.AbstractUserDetailsAuthenticationProvider.authenticate(AbstractUserDetailsAuthenticationProvider.java:151)
	at org.springframework.security.authentication.ProviderManager.authenticate(ProviderManager.java:175)
	at org.springframework.security.authentication.ProviderManager.authenticate(ProviderManager.java:200)
	at org.springframework.security.config.annotation.web.configuration.WebSecurityConfigurerAdapter$AuthenticationManagerDelegator.authenticate(WebSecurityConfigurerAdapter.java:513)
	at java.base/jdk.internal.reflect.NativeMethodAccessorImpl.invoke0(Native Method)
	at java.base/jdk.internal.reflect.NativeMethodAccessorImpl.invoke(NativeMethodAccessorImpl.java:62)
	at java.base/jdk.internal.reflect.DelegatingMethodAccessorImpl.invoke(DelegatingMethodAccessorImpl.java:43)
	at java.base/java.lang.reflect.Method.invoke(Method.java:566)
	at org.springframework.aop.support.AopUtils.invokeJoinpointUsingReflection(AopUtils.java:343)
	at org.springframework.aop.framework.JdkDynamicAopProxy.invoke(JdkDynamicAopProxy.java:206)
	at com.sun.proxy.$Proxy163.authenticate(Unknown Source)
	at at.ac.tuwien.sepm.groupphase.backend.service.implementation.SimpleHeaderTokenAuthenticationService.authenticate(SimpleHeaderTokenAuthenticationService.java:66)
	at at.ac.tuwien.sepm.groupphase.backend.integrationtest.base.BaseIntegrationTest.beforeBase(BaseIntegrationTest.java:56)
	at java.base/jdk.internal.reflect.NativeMethodAccessorImpl.invoke0(Native Method)
	at java.base/jdk.internal.reflect.NativeMethodAccessorImpl.invoke(NativeMethodAccessorImpl.java:62)
	at java.base/jdk.internal.reflect.DelegatingMethodAccessorImpl.invoke(DelegatingMethodAccessorImpl.java:43)
	at java.base/java.lang.reflect.Method.invoke(Method.java:566)
	at org.junit.runners.model.FrameworkMethod$1.runReflectiveCall(FrameworkMethod.java:50)
	at org.junit.internal.runners.model.ReflectiveCallable.run(ReflectiveCallable.java:12)
	at org.junit.runners.model.FrameworkMethod.invokeExplosively(FrameworkMethod.java:47)
	at org.junit.internal.runners.statements.RunBefores.evaluate(RunBefores.java:24)
	at org.springframework.test.context.junit4.statements.RunBeforeTestMethodCallbacks.evaluate(RunBeforeTestMethodCallbacks.java:75)
	at org.springframework.test.context.junit4.statements.RunAfterTestMethodCallbacks.evaluate(RunAfterTestMethodCallbacks.java:86)
	at org.springframework.test.context.junit4.statements.SpringRepeat.evaluate(SpringRepeat.java:84)
	at org.junit.runners.ParentRunner.runLeaf(ParentRunner.java:325)
	at org.springframework.test.context.junit4.SpringJUnit4ClassRunner.runChild(SpringJUnit4ClassRunner.java:251)
	at org.springframework.test.context.junit4.SpringJUnit4ClassRunner.runChild(SpringJUnit4ClassRunner.java:97)
	at org.junit.runners.ParentRunner$3.run(ParentRunner.java:290)
	at org.junit.runners.ParentRunner$1.schedule(ParentRunner.java:71)
	at org.junit.runners.ParentRunner.runChildren(ParentRunner.java:288)
	at org.junit.runners.ParentRunner.access$000(ParentRunner.java:58)
	at org.junit.runners.ParentRunner$2.evaluate(ParentRunner.java:268)
	at org.springframework.test.context.junit4.statements.RunBeforeTestClassCallbacks.evaluate(RunBeforeTestClassCallbacks.java:61)
	at org.springframework.test.context.junit4.statements.RunAfterTestClassCallbacks.evaluate(RunAfterTestClassCallbacks.java:70)
	at org.junit.runners.ParentRunner.run(ParentRunner.java:363)
	at org.springframework.test.context.junit4.SpringJUnit4ClassRunner.run(SpringJUnit4ClassRunner.java:190)
	at org.apache.maven.surefire.junit4.JUnit4Provider.execute(JUnit4Provider.java:252)
	at org.apache.maven.surefire.junit4.JUnit4Provider.executeTestSet(JUnit4Provider.java:141)
	at org.apache.maven.surefire.junit4.JUnit4Provider.invoke(JUnit4Provider.java:112)
	at java.base/jdk.internal.reflect.NativeMethodAccessorImpl.invoke0(Native Method)
	at java.base/jdk.internal.reflect.NativeMethodAccessorImpl.invoke(NativeMethodAccessorImpl.java:62)
	at java.base/jdk.internal.reflect.DelegatingMethodAccessorImpl.invoke(DelegatingMethodAccessorImpl.java:43)
	at java.base/java.lang.reflect.Method.invoke(Method.java:566)
	at org.apache.maven.surefire.util.ReflectionUtils.invokeMethodWithArray(ReflectionUtils.java:189)
	at org.apache.maven.surefire.booter.ProviderFactory$ProviderProxy.invoke(ProviderFactory.java:165)
	at org.apache.maven.surefire.booter.ProviderFactory.invokeProvider(ProviderFactory.java:85)
	at org.apache.maven.surefire.booter.ForkedBooter.runSuitesInProcess(ForkedBooter.java:115)
	at org.apache.maven.surefire.booter.ForkedBooter.main(ForkedBooter.java:75)
</error>
    <system-out>2019-05-25 12:21:54.959  INFO 4724 --- [           main] .b.t.c.SpringBootTestContextBootstrapper : Neither @ContextConfiguration nor @ContextHierarchy found for test class [at.ac.tuwien.sepm.groupphase.backend.integrationtest.MessageEndpointTest], using SpringBootContextLoader
2019-05-25 12:21:54.959  INFO 4724 --- [           main] o.s.t.c.support.AbstractContextLoader    : Could not detect default resource locations for test class [at.ac.tuwien.sepm.groupphase.backend.integrationtest.MessageEndpointTest]: no resource found for suffixes {-context.xml, Context.groovy}.
2019-05-25 12:21:54.959  INFO 4724 --- [           main] t.c.s.AnnotationConfigContextLoaderUtils : Could not detect default configuration classes for test class [at.ac.tuwien.sepm.groupphase.backend.integrationtest.MessageEndpointTest]: MessageEndpointTest does not declare any static, non-private, non-final, nested classes annotated with @Configuration.
2019-05-25 12:21:54.975  INFO 4724 --- [           main] .b.t.c.SpringBootTestContextBootstrapper : Found @SpringBootConfiguration at.ac.tuwien.sepm.groupphase.backend.BackendApplication for test class at.ac.tuwien.sepm.groupphase.backend.integrationtest.MessageEndpointTest
2019-05-25 12:21:54.975  INFO 4724 --- [           main] .b.t.c.SpringBootTestContextBootstrapper : Loaded default TestExecutionListener class names from location [META-INF/spring.factories]: [org.springframework.boot.test.mock.mockito.MockitoTestExecutionListener, org.springframework.boot.test.mock.mockito.ResetMocksTestExecutionListener, org.springframework.boot.test.autoconfigure.restdocs.RestDocsTestExecutionListener, org.springframework.boot.test.autoconfigure.web.client.MockRestServiceServerResetTestExecutionListener, org.springframework.boot.test.autoconfigure.web.servlet.MockMvcPrintOnlyOnFailureTestExecutionListener, org.springframework.boot.test.autoconfigure.web.servlet.WebDriverTestExecutionListener, org.springframework.test.context.web.ServletTestExecutionListener, org.springframework.test.context.support.DirtiesContextBeforeModesTestExecutionListener, org.springframework.test.context.support.DependencyInjectionTestExecutionListener, org.springframework.test.context.support.DirtiesContextTestExecutionListener, org.springframework.test.context.transaction.TransactionalTestExecutionListener, org.springframework.test.context.jdbc.SqlScriptsTestExecutionListener]
2019-05-25 12:21:54.975  INFO 4724 --- [           main] .b.t.c.SpringBootTestContextBootstrapper : Using TestExecutionListeners: [org.springframework.test.context.web.ServletTestExecutionListener@35ef65e2, org.springframework.test.context.support.DirtiesContextBeforeModesTestExecutionListener@22c62ede, org.springframework.boot.test.mock.mockito.MockitoTestExecutionListener@6080230a, org.springframework.boot.test.autoconfigure.SpringBootDependencyInjectionTestExecutionListener@460fe6e3, org.springframework.test.context.support.DirtiesContextTestExecutionListener@8814bb5, org.springframework.test.context.transaction.TransactionalTestExecutionListener@1b2234a5, org.springframework.test.context.jdbc.SqlScriptsTestExecutionListener@7a5bccb8, org.springframework.boot.test.mock.mockito.ResetMocksTestExecutionListener@43da05ee, org.springframework.boot.test.autoconfigure.restdocs.RestDocsTestExecutionListener@418422c3, org.springframework.boot.test.autoconfigure.web.client.MockRestServiceServerResetTestExecutionListener@4b89b14a, org.springframework.boot.test.autoconfigure.web.servlet.MockMvcPrintOnlyOnFailureTestExecutionListener@6f139a8f, org.springframework.boot.test.autoconfigure.web.servlet.WebDriverTestExecutionListener@7cf517f6]
2019-05-25 12:21:54.990 ERROR 4724 --- [           main] o.s.b.c.l.LoggingApplicationListener     : Cannot set level &apos;ALL&apos; for &apos;at.ac.tuwien.sepm.groupphase.backend&apos;

  .   ____          _            __ _ _
 /\\ / ___&apos;_ __ _ _(_)_ __  __ _ \ \ \ \
( ( )\___ | &apos;_ | &apos;_| | &apos;_ \/ _` | \ \ \ \
 \\/  ___)| |_)| | | | | || (_| |  ) ) ) )
  &apos;  |____| .__|_| |_|_| |_\__, | / / / /
 =========|_|==============|___/=/_/_/_/
 :: Spring Boot ::        (v2.1.2.RELEASE)

2019-05-25 12:21:55.006  INFO 4724 --- [           main] a.a.t.s.g.b.i.MessageEndpointTest        : Starting MessageEndpointTest on DESKTOP-OSQNSGL with PID 4724 (started by aronb in C:\Studium\SEPM-PR\Gruppenphase\ss19_sepm_qse_13\sepm-groupphase\backend)
2019-05-25 12:21:55.006  INFO 4724 --- [           main] a.a.t.s.g.b.i.MessageEndpointTest        : The following profiles are active: integration-test
2019-05-25 12:21:56.334  INFO 4724 --- [           main] .s.d.r.c.RepositoryConfigurationDelegate : Bootstrapping Spring Data repositories in DEFAULT mode.
2019-05-25 12:21:56.443  INFO 4724 --- [           main] .s.d.r.c.RepositoryConfigurationDelegate : Finished Spring Data repository scanning in 109ms. Found 8 repository interfaces.
2019-05-25 12:21:56.584  INFO 4724 --- [           main] trationDelegate$BeanPostProcessorChecker : Bean &apos;org.springframework.transaction.annotation.ProxyTransactionManagementConfiguration&apos; of type [org.springframework.transaction.annotation.ProxyTransactionManagementConfiguration$$EnhancerBySpringCGLIB$$4b222b6a] is not eligible for getting processed by all BeanPostProcessors (for example: not eligible for auto-proxying)
2019-05-25 12:21:56.599  INFO 4724 --- [           main] trationDelegate$BeanPostProcessorChecker : Bean &apos;org.springframework.security.config.annotation.configuration.ObjectPostProcessorConfiguration&apos; of type [org.springframework.security.config.annotation.configuration.ObjectPostProcessorConfiguration$$EnhancerBySpringCGLIB$$e3cff3a4] is not eligible for getting processed by all BeanPostProcessors (for example: not eligible for auto-proxying)
2019-05-25 12:21:56.599  INFO 4724 --- [           main] trationDelegate$BeanPostProcessorChecker : Bean &apos;objectPostProcessor&apos; of type [org.springframework.security.config.annotation.configuration.AutowireBeanFactoryObjectPostProcessor] is not eligible for getting processed by all BeanPostProcessors (for example: not eligible for auto-proxying)
2019-05-25 12:21:56.615  INFO 4724 --- [           main] trationDelegate$BeanPostProcessorChecker : Bean &apos;org.springframework.security.access.expression.method.DefaultMethodSecurityExpressionHandler@13d7410a&apos; of type [org.springframework.security.access.expression.method.DefaultMethodSecurityExpressionHandler] is not eligible for getting processed by all BeanPostProcessors (for example: not eligible for auto-proxying)
2019-05-25 12:21:56.615  INFO 4724 --- [           main] trationDelegate$BeanPostProcessorChecker : Bean &apos;org.springframework.security.config.annotation.method.configuration.GlobalMethodSecurityConfiguration&apos; of type [org.springframework.security.config.annotation.method.configuration.GlobalMethodSecurityConfiguration$$EnhancerBySpringCGLIB$$8a49656] is not eligible for getting processed by all BeanPostProcessors (for example: not eligible for auto-proxying)
2019-05-25 12:21:56.615  INFO 4724 --- [           main] trationDelegate$BeanPostProcessorChecker : Bean &apos;methodSecurityMetadataSource&apos; of type [org.springframework.security.access.method.DelegatingMethodSecurityMetadataSource] is not eligible for getting processed by all BeanPostProcessors (for example: not eligible for auto-proxying)
2019-05-25 12:21:56.755  INFO 4724 --- [           main] o.s.b.w.embedded.tomcat.TomcatWebServer  : Tomcat initialized with port(s): 0 (http)
2019-05-25 12:21:56.755  INFO 4724 --- [           main] o.apache.catalina.core.StandardService   : Starting service [Tomcat]
2019-05-25 12:21:56.755  INFO 4724 --- [           main] org.apache.catalina.core.StandardEngine  : Starting Servlet engine: [Apache Tomcat/9.0.14]
2019-05-25 12:21:56.802  INFO 4724 --- [           main] o.a.c.c.C.[Tomcat-1].[localhost].[/]     : Initializing Spring embedded WebApplicationContext
2019-05-25 12:21:56.802  INFO 4724 --- [           main] o.s.web.context.ContextLoader            : Root WebApplicationContext: initialization completed in 1796 ms
2019-05-25 12:21:57.461  INFO 4724 --- [           main] com.zaxxer.hikari.HikariDataSource       : HikariPool-2 - Starting...
2019-05-25 12:21:57.461  INFO 4724 --- [           main] com.zaxxer.hikari.HikariDataSource       : HikariPool-2 - Start completed.
2019-05-25 12:21:57.508  INFO 4724 --- [           main] o.hibernate.jpa.internal.util.LogHelper  : HHH000204: Processing PersistenceUnitInfo [
	name: default
	...]
2019-05-25 12:21:57.539  INFO 4724 --- [           main] org.hibernate.dialect.Dialect            : HHH000400: Using dialect: org.hibernate.dialect.H2Dialect
2019-05-25 12:21:57.836  INFO 4724 --- [           main] j.LocalContainerEntityManagerFactoryBean : Initialized JPA EntityManagerFactory for persistence unit &apos;default&apos;
2019-05-25 12:21:58.133  INFO 4724 --- [           main] o.h.h.i.QueryTranslatorFactoryInitiator  : HHH000397: Using ASTQueryTranslatorFactory
2019-05-25 12:21:58.479  WARN 4724 --- [           main] aWebConfiguration$JpaWebMvcConfiguration : spring.jpa.open-in-view is enabled by default. Therefore, database queries may be performed during view rendering. Explicitly configure spring.jpa.open-in-view to disable this warning
2019-05-25 12:21:58.572  INFO 4724 --- [           main] o.s.b.a.e.web.EndpointLinksResolver      : Exposing 2 endpoint(s) beneath base path &apos;/actuator&apos;
2019-05-25 12:21:58.760  INFO 4724 --- [           main] o.s.s.web.DefaultSecurityFilterChain     : Creating filter chain: any request, [org.springframework.security.web.context.request.async.WebAsyncManagerIntegrationFilter@699a53d4, org.springframework.security.web.context.SecurityContextPersistenceFilter@3cfa429c, org.springframework.security.web.header.HeaderWriterFilter@34ded59f, org.springframework.security.web.authentication.logout.LogoutFilter@30d9da5e, at.ac.tuwien.sepm.groupphase.backend.security.HeaderTokenAuthenticationFilter@1adcd53b, org.springframework.security.web.savedrequest.RequestCacheAwareFilter@4bd42698, org.springframework.security.web.servletapi.SecurityContextHolderAwareRequestFilter@9e46050, org.springframework.security.web.authentication.AnonymousAuthenticationFilter@4474a287, org.springframework.security.web.session.SessionManagementFilter@5fbcc71d, org.springframework.security.web.access.ExceptionTranslationFilter@3248b221, org.springframework.security.web.access.intercept.FilterSecurityInterceptor@30f6791d]
2019-05-25 12:21:58.791  INFO 4724 --- [           main] pertySourcedRequestMappingHandlerMapping : Mapped URL path [/v2/api-docs] onto method [public org.springframework.http.ResponseEntity&lt;springfox.documentation.spring.web.json.Json&gt; springfox.documentation.swagger2.web.Swagger2Controller.getDocumentation(java.lang.String,javax.servlet.http.HttpServletRequest)]
2019-05-25 12:21:58.885  INFO 4724 --- [           main] o.s.s.concurrent.ThreadPoolTaskExecutor  : Initializing ExecutorService &apos;applicationTaskExecutor&apos;
2019-05-25 12:21:59.197  INFO 4724 --- [           main] d.s.w.p.DocumentationPluginsBootstrapper : Context refreshed
2019-05-25 12:21:59.197  INFO 4724 --- [           main] d.s.w.p.DocumentationPluginsBootstrapper : Found 1 custom documentation plugin(s)
2019-05-25 12:21:59.213  INFO 4724 --- [           main] s.d.s.w.s.ApiListingReferenceScanner     : Scanning for api listing references
2019-05-25 12:21:59.307  INFO 4724 --- [           main] .d.s.w.r.o.CachingOperationNameGenerator : Generating unique operation named: findAllUsingGET_1
2019-05-25 12:21:59.322  INFO 4724 --- [           main] .d.s.w.r.o.CachingOperationNameGenerator : Generating unique operation named: findAllUsingGET_2
2019-05-25 12:21:59.338  INFO 4724 --- [           main] .d.s.w.r.o.CachingOperationNameGenerator : Generating unique operation named: findByFilterUsingGET_1
2019-05-25 12:21:59.338  INFO 4724 --- [           main] .d.s.w.r.o.CachingOperationNameGenerator : Generating unique operation named: findByNameUsingGET_1
2019-05-25 12:21:59.338  INFO 4724 --- [           main] .d.s.w.r.o.CachingOperationNameGenerator : Generating unique operation named: saveUsingPOST_1
2019-05-25 12:21:59.353  INFO 4724 --- [           main] .d.s.w.r.o.CachingOperationNameGenerator : Generating unique operation named: findAllUsingGET_3
2019-05-25 12:21:59.353  INFO 4724 --- [           main] .d.s.w.r.o.CachingOperationNameGenerator : Generating unique operation named: findByIdUsingGET_1
2019-05-25 12:21:59.353  INFO 4724 --- [           main] .d.s.w.r.o.CachingOperationNameGenerator : Generating unique operation named: findByNameUsingGET_2
2019-05-25 12:21:59.369  INFO 4724 --- [           main] .d.s.w.r.o.CachingOperationNameGenerator : Generating unique operation named: findAllUsingGET_4
2019-05-25 12:21:59.369  INFO 4724 --- [           main] .d.s.w.r.o.CachingOperationNameGenerator : Generating unique operation named: findAllUsingGET_5
2019-05-25 12:21:59.385  INFO 4724 --- [           main] .d.s.w.r.o.CachingOperationNameGenerator : Generating unique operation named: findByFilterUsingGET_2
2019-05-25 12:21:59.385  INFO 4724 --- [           main] .d.s.w.r.o.CachingOperationNameGenerator : Generating unique operation named: findByIdAndVersionUsingGET_1
2019-05-25 12:21:59.385  INFO 4724 --- [           main] .d.s.w.r.o.CachingOperationNameGenerator : Generating unique operation named: findByNameUsingGET_3
2019-05-25 12:21:59.385  INFO 4724 --- [           main] .d.s.w.r.o.CachingOperationNameGenerator : Generating unique operation named: saveUsingPOST_2
2019-05-25 12:21:59.400  INFO 4724 --- [           main] o.s.b.w.embedded.tomcat.TomcatWebServer  : Tomcat started on port(s): 53591 (http) with context path &apos;&apos;
2019-05-25 12:21:59.416  INFO 4724 --- [           main] a.a.t.s.g.b.i.MessageEndpointTest        : Started MessageEndpointTest in 4.441 seconds (JVM running for 22.677)
Hibernate: select fitnesspro0_.id as id1_6_, fitnesspro0_.address as address2_6_, fitnesspro0_.description as descript3_6_, fitnesspro0_.email as email4_6_, fitnesspro0_.name as name5_6_, fitnesspro0_.password as password6_6_, fitnesspro0_.phone_number as phone_nu7_6_, fitnesspro0_.website as website8_6_ from fitness_provider fitnesspro0_ where fitnesspro0_.name=?
2019-05-25 12:21:59.838 ERROR 4724 --- [           main] .g.b.s.i.MyFitnessProviderDetailsService : Bad credentials
Hibernate: select dude0_.id as id1_1_, dude0_.birthday as birthday2_1_, dude0_.description as descript3_1_, dude0_.email as email4_1_, dude0_.height as height5_1_, dude0_.name as name6_1_, dude0_.password as password7_1_, dude0_.self_assessment as self_ass8_1_, dude0_.sex as sex9_1_, dude0_.status as status10_1_, dude0_.weight as weight11_1_ from dude dude0_ where dude0_.name=?
2019-05-25 12:22:00.009 ERROR 4724 --- [           main] a.a.t.s.g.b.s.i.MyDudeDetailsService     : Bad credentials
</system-out>
  </testcase>
  <testcase classname="at.ac.tuwien.sepm.groupphase.backend.integrationtest.MessageEndpointTest" name="publishMessageAsAdmin" time="0.156">
    <error message="Bad credentials" type="org.springframework.security.authentication.BadCredentialsException">org.springframework.security.authentication.BadCredentialsException: Bad credentials
	at org.springframework.security.authentication.dao.AbstractUserDetailsAuthenticationProvider.authenticate(AbstractUserDetailsAuthenticationProvider.java:151)
	at org.springframework.security.authentication.ProviderManager.authenticate(ProviderManager.java:175)
	at org.springframework.security.authentication.ProviderManager.authenticate(ProviderManager.java:200)
	at org.springframework.security.config.annotation.web.configuration.WebSecurityConfigurerAdapter$AuthenticationManagerDelegator.authenticate(WebSecurityConfigurerAdapter.java:503)
	at java.base/jdk.internal.reflect.NativeMethodAccessorImpl.invoke0(Native Method)
	at java.base/jdk.internal.reflect.NativeMethodAccessorImpl.invoke(NativeMethodAccessorImpl.java:62)
	at java.base/jdk.internal.reflect.DelegatingMethodAccessorImpl.invoke(DelegatingMethodAccessorImpl.java:43)
	at java.base/java.lang.reflect.Method.invoke(Method.java:566)
	at org.springframework.aop.support.AopUtils.invokeJoinpointUsingReflection(AopUtils.java:343)
	at org.springframework.aop.framework.JdkDynamicAopProxy.invoke(JdkDynamicAopProxy.java:206)
	at com.sun.proxy.$Proxy163.authenticate(Unknown Source)
	at at.ac.tuwien.sepm.groupphase.backend.service.implementation.SimpleHeaderTokenAuthenticationService.authenticate(SimpleHeaderTokenAuthenticationService.java:66)
	at at.ac.tuwien.sepm.groupphase.backend.integrationtest.base.BaseIntegrationTest.beforeBase(BaseIntegrationTest.java:56)
	at java.base/jdk.internal.reflect.NativeMethodAccessorImpl.invoke0(Native Method)
	at java.base/jdk.internal.reflect.NativeMethodAccessorImpl.invoke(NativeMethodAccessorImpl.java:62)
	at java.base/jdk.internal.reflect.DelegatingMethodAccessorImpl.invoke(DelegatingMethodAccessorImpl.java:43)
	at java.base/java.lang.reflect.Method.invoke(Method.java:566)
	at org.junit.runners.model.FrameworkMethod$1.runReflectiveCall(FrameworkMethod.java:50)
	at org.junit.internal.runners.model.ReflectiveCallable.run(ReflectiveCallable.java:12)
	at org.junit.runners.model.FrameworkMethod.invokeExplosively(FrameworkMethod.java:47)
	at org.junit.internal.runners.statements.RunBefores.evaluate(RunBefores.java:24)
	at org.springframework.test.context.junit4.statements.RunBeforeTestMethodCallbacks.evaluate(RunBeforeTestMethodCallbacks.java:75)
	at org.springframework.test.context.junit4.statements.RunAfterTestMethodCallbacks.evaluate(RunAfterTestMethodCallbacks.java:86)
	at org.springframework.test.context.junit4.statements.SpringRepeat.evaluate(SpringRepeat.java:84)
	at org.junit.runners.ParentRunner.runLeaf(ParentRunner.java:325)
	at org.springframework.test.context.junit4.SpringJUnit4ClassRunner.runChild(SpringJUnit4ClassRunner.java:251)
	at org.springframework.test.context.junit4.SpringJUnit4ClassRunner.runChild(SpringJUnit4ClassRunner.java:97)
	at org.junit.runners.ParentRunner$3.run(ParentRunner.java:290)
	at org.junit.runners.ParentRunner$1.schedule(ParentRunner.java:71)
	at org.junit.runners.ParentRunner.runChildren(ParentRunner.java:288)
	at org.junit.runners.ParentRunner.access$000(ParentRunner.java:58)
	at org.junit.runners.ParentRunner$2.evaluate(ParentRunner.java:268)
	at org.springframework.test.context.junit4.statements.RunBeforeTestClassCallbacks.evaluate(RunBeforeTestClassCallbacks.java:61)
	at org.springframework.test.context.junit4.statements.RunAfterTestClassCallbacks.evaluate(RunAfterTestClassCallbacks.java:70)
	at org.junit.runners.ParentRunner.run(ParentRunner.java:363)
	at org.springframework.test.context.junit4.SpringJUnit4ClassRunner.run(SpringJUnit4ClassRunner.java:190)
	at org.apache.maven.surefire.junit4.JUnit4Provider.execute(JUnit4Provider.java:252)
	at org.apache.maven.surefire.junit4.JUnit4Provider.executeTestSet(JUnit4Provider.java:141)
	at org.apache.maven.surefire.junit4.JUnit4Provider.invoke(JUnit4Provider.java:112)
	at java.base/jdk.internal.reflect.NativeMethodAccessorImpl.invoke0(Native Method)
	at java.base/jdk.internal.reflect.NativeMethodAccessorImpl.invoke(NativeMethodAccessorImpl.java:62)
	at java.base/jdk.internal.reflect.DelegatingMethodAccessorImpl.invoke(DelegatingMethodAccessorImpl.java:43)
	at java.base/java.lang.reflect.Method.invoke(Method.java:566)
	at org.apache.maven.surefire.util.ReflectionUtils.invokeMethodWithArray(ReflectionUtils.java:189)
	at org.apache.maven.surefire.booter.ProviderFactory$ProviderProxy.invoke(ProviderFactory.java:165)
	at org.apache.maven.surefire.booter.ProviderFactory.invokeProvider(ProviderFactory.java:85)
	at org.apache.maven.surefire.booter.ForkedBooter.runSuitesInProcess(ForkedBooter.java:115)
	at org.apache.maven.surefire.booter.ForkedBooter.main(ForkedBooter.java:75)
</error>
    <system-out>Hibernate: select fitnesspro0_.id as id1_6_, fitnesspro0_.address as address2_6_, fitnesspro0_.description as descript3_6_, fitnesspro0_.email as email4_6_, fitnesspro0_.name as name5_6_, fitnesspro0_.password as password6_6_, fitnesspro0_.phone_number as phone_nu7_6_, fitnesspro0_.website as website8_6_ from fitness_provider fitnesspro0_ where fitnesspro0_.name=?
2019-05-25 12:22:00.103 ERROR 4724 --- [           main] .g.b.s.i.MyFitnessProviderDetailsService : Bad credentials
Hibernate: select dude0_.id as id1_1_, dude0_.birthday as birthday2_1_, dude0_.description as descript3_1_, dude0_.email as email4_1_, dude0_.height as height5_1_, dude0_.name as name6_1_, dude0_.password as password7_1_, dude0_.self_assessment as self_ass8_1_, dude0_.sex as sex9_1_, dude0_.status as status10_1_, dude0_.weight as weight11_1_ from dude dude0_ where dude0_.name=?
2019-05-25 12:22:00.181 ERROR 4724 --- [           main] a.a.t.s.g.b.s.i.MyDudeDetailsService     : Bad credentials
</system-out>
  </testcase>
  <testcase classname="at.ac.tuwien.sepm.groupphase.backend.integrationtest.MessageEndpointTest" name="findAllMessageAsUser" time="0.172">
    <error message="Bad credentials" type="org.springframework.security.authentication.BadCredentialsException">org.springframework.security.authentication.BadCredentialsException: Bad credentials
	at org.springframework.security.authentication.dao.AbstractUserDetailsAuthenticationProvider.authenticate(AbstractUserDetailsAuthenticationProvider.java:151)
	at org.springframework.security.authentication.ProviderManager.authenticate(ProviderManager.java:175)
	at org.springframework.security.authentication.ProviderManager.authenticate(ProviderManager.java:200)
	at org.springframework.security.config.annotation.web.configuration.WebSecurityConfigurerAdapter$AuthenticationManagerDelegator.authenticate(WebSecurityConfigurerAdapter.java:503)
	at java.base/jdk.internal.reflect.NativeMethodAccessorImpl.invoke0(Native Method)
	at java.base/jdk.internal.reflect.NativeMethodAccessorImpl.invoke(NativeMethodAccessorImpl.java:62)
	at java.base/jdk.internal.reflect.DelegatingMethodAccessorImpl.invoke(DelegatingMethodAccessorImpl.java:43)
	at java.base/java.lang.reflect.Method.invoke(Method.java:566)
	at org.springframework.aop.support.AopUtils.invokeJoinpointUsingReflection(AopUtils.java:343)
	at org.springframework.aop.framework.JdkDynamicAopProxy.invoke(JdkDynamicAopProxy.java:206)
	at com.sun.proxy.$Proxy163.authenticate(Unknown Source)
	at at.ac.tuwien.sepm.groupphase.backend.service.implementation.SimpleHeaderTokenAuthenticationService.authenticate(SimpleHeaderTokenAuthenticationService.java:66)
	at at.ac.tuwien.sepm.groupphase.backend.integrationtest.base.BaseIntegrationTest.beforeBase(BaseIntegrationTest.java:56)
	at java.base/jdk.internal.reflect.NativeMethodAccessorImpl.invoke0(Native Method)
	at java.base/jdk.internal.reflect.NativeMethodAccessorImpl.invoke(NativeMethodAccessorImpl.java:62)
	at java.base/jdk.internal.reflect.DelegatingMethodAccessorImpl.invoke(DelegatingMethodAccessorImpl.java:43)
	at java.base/java.lang.reflect.Method.invoke(Method.java:566)
	at org.junit.runners.model.FrameworkMethod$1.runReflectiveCall(FrameworkMethod.java:50)
	at org.junit.internal.runners.model.ReflectiveCallable.run(ReflectiveCallable.java:12)
	at org.junit.runners.model.FrameworkMethod.invokeExplosively(FrameworkMethod.java:47)
	at org.junit.internal.runners.statements.RunBefores.evaluate(RunBefores.java:24)
	at org.springframework.test.context.junit4.statements.RunBeforeTestMethodCallbacks.evaluate(RunBeforeTestMethodCallbacks.java:75)
	at org.springframework.test.context.junit4.statements.RunAfterTestMethodCallbacks.evaluate(RunAfterTestMethodCallbacks.java:86)
	at org.springframework.test.context.junit4.statements.SpringRepeat.evaluate(SpringRepeat.java:84)
	at org.junit.runners.ParentRunner.runLeaf(ParentRunner.java:325)
	at org.springframework.test.context.junit4.SpringJUnit4ClassRunner.runChild(SpringJUnit4ClassRunner.java:251)
	at org.springframework.test.context.junit4.SpringJUnit4ClassRunner.runChild(SpringJUnit4ClassRunner.java:97)
	at org.junit.runners.ParentRunner$3.run(ParentRunner.java:290)
	at org.junit.runners.ParentRunner$1.schedule(ParentRunner.java:71)
	at org.junit.runners.ParentRunner.runChildren(ParentRunner.java:288)
	at org.junit.runners.ParentRunner.access$000(ParentRunner.java:58)
	at org.junit.runners.ParentRunner$2.evaluate(ParentRunner.java:268)
	at org.springframework.test.context.junit4.statements.RunBeforeTestClassCallbacks.evaluate(RunBeforeTestClassCallbacks.java:61)
	at org.springframework.test.context.junit4.statements.RunAfterTestClassCallbacks.evaluate(RunAfterTestClassCallbacks.java:70)
	at org.junit.runners.ParentRunner.run(ParentRunner.java:363)
	at org.springframework.test.context.junit4.SpringJUnit4ClassRunner.run(SpringJUnit4ClassRunner.java:190)
	at org.apache.maven.surefire.junit4.JUnit4Provider.execute(JUnit4Provider.java:252)
	at org.apache.maven.surefire.junit4.JUnit4Provider.executeTestSet(JUnit4Provider.java:141)
	at org.apache.maven.surefire.junit4.JUnit4Provider.invoke(JUnit4Provider.java:112)
	at java.base/jdk.internal.reflect.NativeMethodAccessorImpl.invoke0(Native Method)
	at java.base/jdk.internal.reflect.NativeMethodAccessorImpl.invoke(NativeMethodAccessorImpl.java:62)
	at java.base/jdk.internal.reflect.DelegatingMethodAccessorImpl.invoke(DelegatingMethodAccessorImpl.java:43)
	at java.base/java.lang.reflect.Method.invoke(Method.java:566)
	at org.apache.maven.surefire.util.ReflectionUtils.invokeMethodWithArray(ReflectionUtils.java:189)
	at org.apache.maven.surefire.booter.ProviderFactory$ProviderProxy.invoke(ProviderFactory.java:165)
	at org.apache.maven.surefire.booter.ProviderFactory.invokeProvider(ProviderFactory.java:85)
	at org.apache.maven.surefire.booter.ForkedBooter.runSuitesInProcess(ForkedBooter.java:115)
	at org.apache.maven.surefire.booter.ForkedBooter.main(ForkedBooter.java:75)
</error>
    <system-out>Hibernate: select fitnesspro0_.id as id1_6_, fitnesspro0_.address as address2_6_, fitnesspro0_.description as descript3_6_, fitnesspro0_.email as email4_6_, fitnesspro0_.name as name5_6_, fitnesspro0_.password as password6_6_, fitnesspro0_.phone_number as phone_nu7_6_, fitnesspro0_.website as website8_6_ from fitness_provider fitnesspro0_ where fitnesspro0_.name=?
2019-05-25 12:22:00.259 ERROR 4724 --- [           main] .g.b.s.i.MyFitnessProviderDetailsService : Bad credentials
Hibernate: select dude0_.id as id1_1_, dude0_.birthday as birthday2_1_, dude0_.description as descript3_1_, dude0_.email as email4_1_, dude0_.height as height5_1_, dude0_.name as name6_1_, dude0_.password as password7_1_, dude0_.self_assessment as self_ass8_1_, dude0_.sex as sex9_1_, dude0_.status as status10_1_, dude0_.weight as weight11_1_ from dude dude0_ where dude0_.name=?
2019-05-25 12:22:00.353 ERROR 4724 --- [           main] a.a.t.s.g.b.s.i.MyDudeDetailsService     : Bad credentials
</system-out>
  </testcase>
  <testcase classname="at.ac.tuwien.sepm.groupphase.backend.integrationtest.MessageEndpointTest" name="findSpecificMessageAsUser" time="0.157">
    <error message="Bad credentials" type="org.springframework.security.authentication.BadCredentialsException">org.springframework.security.authentication.BadCredentialsException: Bad credentials
	at org.springframework.security.authentication.dao.AbstractUserDetailsAuthenticationProvider.authenticate(AbstractUserDetailsAuthenticationProvider.java:151)
	at org.springframework.security.authentication.ProviderManager.authenticate(ProviderManager.java:175)
	at org.springframework.security.authentication.ProviderManager.authenticate(ProviderManager.java:200)
	at org.springframework.security.config.annotation.web.configuration.WebSecurityConfigurerAdapter$AuthenticationManagerDelegator.authenticate(WebSecurityConfigurerAdapter.java:503)
	at java.base/jdk.internal.reflect.NativeMethodAccessorImpl.invoke0(Native Method)
	at java.base/jdk.internal.reflect.NativeMethodAccessorImpl.invoke(NativeMethodAccessorImpl.java:62)
	at java.base/jdk.internal.reflect.DelegatingMethodAccessorImpl.invoke(DelegatingMethodAccessorImpl.java:43)
	at java.base/java.lang.reflect.Method.invoke(Method.java:566)
	at org.springframework.aop.support.AopUtils.invokeJoinpointUsingReflection(AopUtils.java:343)
	at org.springframework.aop.framework.JdkDynamicAopProxy.invoke(JdkDynamicAopProxy.java:206)
	at com.sun.proxy.$Proxy163.authenticate(Unknown Source)
	at at.ac.tuwien.sepm.groupphase.backend.service.implementation.SimpleHeaderTokenAuthenticationService.authenticate(SimpleHeaderTokenAuthenticationService.java:66)
	at at.ac.tuwien.sepm.groupphase.backend.integrationtest.base.BaseIntegrationTest.beforeBase(BaseIntegrationTest.java:56)
	at java.base/jdk.internal.reflect.NativeMethodAccessorImpl.invoke0(Native Method)
	at java.base/jdk.internal.reflect.NativeMethodAccessorImpl.invoke(NativeMethodAccessorImpl.java:62)
	at java.base/jdk.internal.reflect.DelegatingMethodAccessorImpl.invoke(DelegatingMethodAccessorImpl.java:43)
	at java.base/java.lang.reflect.Method.invoke(Method.java:566)
	at org.junit.runners.model.FrameworkMethod$1.runReflectiveCall(FrameworkMethod.java:50)
	at org.junit.internal.runners.model.ReflectiveCallable.run(ReflectiveCallable.java:12)
	at org.junit.runners.model.FrameworkMethod.invokeExplosively(FrameworkMethod.java:47)
	at org.junit.internal.runners.statements.RunBefores.evaluate(RunBefores.java:24)
	at org.springframework.test.context.junit4.statements.RunBeforeTestMethodCallbacks.evaluate(RunBeforeTestMethodCallbacks.java:75)
	at org.springframework.test.context.junit4.statements.RunAfterTestMethodCallbacks.evaluate(RunAfterTestMethodCallbacks.java:86)
	at org.springframework.test.context.junit4.statements.SpringRepeat.evaluate(SpringRepeat.java:84)
	at org.junit.runners.ParentRunner.runLeaf(ParentRunner.java:325)
	at org.springframework.test.context.junit4.SpringJUnit4ClassRunner.runChild(SpringJUnit4ClassRunner.java:251)
	at org.springframework.test.context.junit4.SpringJUnit4ClassRunner.runChild(SpringJUnit4ClassRunner.java:97)
	at org.junit.runners.ParentRunner$3.run(ParentRunner.java:290)
	at org.junit.runners.ParentRunner$1.schedule(ParentRunner.java:71)
	at org.junit.runners.ParentRunner.runChildren(ParentRunner.java:288)
	at org.junit.runners.ParentRunner.access$000(ParentRunner.java:58)
	at org.junit.runners.ParentRunner$2.evaluate(ParentRunner.java:268)
	at org.springframework.test.context.junit4.statements.RunBeforeTestClassCallbacks.evaluate(RunBeforeTestClassCallbacks.java:61)
	at org.springframework.test.context.junit4.statements.RunAfterTestClassCallbacks.evaluate(RunAfterTestClassCallbacks.java:70)
	at org.junit.runners.ParentRunner.run(ParentRunner.java:363)
	at org.springframework.test.context.junit4.SpringJUnit4ClassRunner.run(SpringJUnit4ClassRunner.java:190)
	at org.apache.maven.surefire.junit4.JUnit4Provider.execute(JUnit4Provider.java:252)
	at org.apache.maven.surefire.junit4.JUnit4Provider.executeTestSet(JUnit4Provider.java:141)
	at org.apache.maven.surefire.junit4.JUnit4Provider.invoke(JUnit4Provider.java:112)
	at java.base/jdk.internal.reflect.NativeMethodAccessorImpl.invoke0(Native Method)
	at java.base/jdk.internal.reflect.NativeMethodAccessorImpl.invoke(NativeMethodAccessorImpl.java:62)
	at java.base/jdk.internal.reflect.DelegatingMethodAccessorImpl.invoke(DelegatingMethodAccessorImpl.java:43)
	at java.base/java.lang.reflect.Method.invoke(Method.java:566)
	at org.apache.maven.surefire.util.ReflectionUtils.invokeMethodWithArray(ReflectionUtils.java:189)
	at org.apache.maven.surefire.booter.ProviderFactory$ProviderProxy.invoke(ProviderFactory.java:165)
	at org.apache.maven.surefire.booter.ProviderFactory.invokeProvider(ProviderFactory.java:85)
	at org.apache.maven.surefire.booter.ForkedBooter.runSuitesInProcess(ForkedBooter.java:115)
	at org.apache.maven.surefire.booter.ForkedBooter.main(ForkedBooter.java:75)
</error>
    <system-out>Hibernate: select fitnesspro0_.id as id1_6_, fitnesspro0_.address as address2_6_, fitnesspro0_.description as descript3_6_, fitnesspro0_.email as email4_6_, fitnesspro0_.name as name5_6_, fitnesspro0_.password as password6_6_, fitnesspro0_.phone_number as phone_nu7_6_, fitnesspro0_.website as website8_6_ from fitness_provider fitnesspro0_ where fitnesspro0_.name=?
2019-05-25 12:22:00.431 ERROR 4724 --- [           main] .g.b.s.i.MyFitnessProviderDetailsService : Bad credentials
Hibernate: select dude0_.id as id1_1_, dude0_.birthday as birthday2_1_, dude0_.description as descript3_1_, dude0_.email as email4_1_, dude0_.height as height5_1_, dude0_.name as name6_1_, dude0_.password as password7_1_, dude0_.self_assessment as self_ass8_1_, dude0_.sex as sex9_1_, dude0_.status as status10_1_, dude0_.weight as weight11_1_ from dude dude0_ where dude0_.name=?
2019-05-25 12:22:00.509 ERROR 4724 --- [           main] a.a.t.s.g.b.s.i.MyDudeDetailsService     : Bad credentials
</system-out>
  </testcase>
  <testcase classname="at.ac.tuwien.sepm.groupphase.backend.integrationtest.MessageEndpointTest" name="findSpecificMessageUnauthorizedAsAnonymous" time="0.156">
    <error message="Bad credentials" type="org.springframework.security.authentication.BadCredentialsException">org.springframework.security.authentication.BadCredentialsException: Bad credentials
	at org.springframework.security.authentication.dao.AbstractUserDetailsAuthenticationProvider.authenticate(AbstractUserDetailsAuthenticationProvider.java:151)
	at org.springframework.security.authentication.ProviderManager.authenticate(ProviderManager.java:175)
	at org.springframework.security.authentication.ProviderManager.authenticate(ProviderManager.java:200)
	at org.springframework.security.config.annotation.web.configuration.WebSecurityConfigurerAdapter$AuthenticationManagerDelegator.authenticate(WebSecurityConfigurerAdapter.java:503)
	at java.base/jdk.internal.reflect.NativeMethodAccessorImpl.invoke0(Native Method)
	at java.base/jdk.internal.reflect.NativeMethodAccessorImpl.invoke(NativeMethodAccessorImpl.java:62)
	at java.base/jdk.internal.reflect.DelegatingMethodAccessorImpl.invoke(DelegatingMethodAccessorImpl.java:43)
	at java.base/java.lang.reflect.Method.invoke(Method.java:566)
	at org.springframework.aop.support.AopUtils.invokeJoinpointUsingReflection(AopUtils.java:343)
	at org.springframework.aop.framework.JdkDynamicAopProxy.invoke(JdkDynamicAopProxy.java:206)
	at com.sun.proxy.$Proxy163.authenticate(Unknown Source)
	at at.ac.tuwien.sepm.groupphase.backend.service.implementation.SimpleHeaderTokenAuthenticationService.authenticate(SimpleHeaderTokenAuthenticationService.java:66)
	at at.ac.tuwien.sepm.groupphase.backend.integrationtest.base.BaseIntegrationTest.beforeBase(BaseIntegrationTest.java:56)
	at java.base/jdk.internal.reflect.NativeMethodAccessorImpl.invoke0(Native Method)
	at java.base/jdk.internal.reflect.NativeMethodAccessorImpl.invoke(NativeMethodAccessorImpl.java:62)
	at java.base/jdk.internal.reflect.DelegatingMethodAccessorImpl.invoke(DelegatingMethodAccessorImpl.java:43)
	at java.base/java.lang.reflect.Method.invoke(Method.java:566)
	at org.junit.runners.model.FrameworkMethod$1.runReflectiveCall(FrameworkMethod.java:50)
	at org.junit.internal.runners.model.ReflectiveCallable.run(ReflectiveCallable.java:12)
	at org.junit.runners.model.FrameworkMethod.invokeExplosively(FrameworkMethod.java:47)
	at org.junit.internal.runners.statements.RunBefores.evaluate(RunBefores.java:24)
	at org.springframework.test.context.junit4.statements.RunBeforeTestMethodCallbacks.evaluate(RunBeforeTestMethodCallbacks.java:75)
	at org.springframework.test.context.junit4.statements.RunAfterTestMethodCallbacks.evaluate(RunAfterTestMethodCallbacks.java:86)
	at org.springframework.test.context.junit4.statements.SpringRepeat.evaluate(SpringRepeat.java:84)
	at org.junit.runners.ParentRunner.runLeaf(ParentRunner.java:325)
	at org.springframework.test.context.junit4.SpringJUnit4ClassRunner.runChild(SpringJUnit4ClassRunner.java:251)
	at org.springframework.test.context.junit4.SpringJUnit4ClassRunner.runChild(SpringJUnit4ClassRunner.java:97)
	at org.junit.runners.ParentRunner$3.run(ParentRunner.java:290)
	at org.junit.runners.ParentRunner$1.schedule(ParentRunner.java:71)
	at org.junit.runners.ParentRunner.runChildren(ParentRunner.java:288)
	at org.junit.runners.ParentRunner.access$000(ParentRunner.java:58)
	at org.junit.runners.ParentRunner$2.evaluate(ParentRunner.java:268)
	at org.springframework.test.context.junit4.statements.RunBeforeTestClassCallbacks.evaluate(RunBeforeTestClassCallbacks.java:61)
	at org.springframework.test.context.junit4.statements.RunAfterTestClassCallbacks.evaluate(RunAfterTestClassCallbacks.java:70)
	at org.junit.runners.ParentRunner.run(ParentRunner.java:363)
	at org.springframework.test.context.junit4.SpringJUnit4ClassRunner.run(SpringJUnit4ClassRunner.java:190)
	at org.apache.maven.surefire.junit4.JUnit4Provider.execute(JUnit4Provider.java:252)
	at org.apache.maven.surefire.junit4.JUnit4Provider.executeTestSet(JUnit4Provider.java:141)
	at org.apache.maven.surefire.junit4.JUnit4Provider.invoke(JUnit4Provider.java:112)
	at java.base/jdk.internal.reflect.NativeMethodAccessorImpl.invoke0(Native Method)
	at java.base/jdk.internal.reflect.NativeMethodAccessorImpl.invoke(NativeMethodAccessorImpl.java:62)
	at java.base/jdk.internal.reflect.DelegatingMethodAccessorImpl.invoke(DelegatingMethodAccessorImpl.java:43)
	at java.base/java.lang.reflect.Method.invoke(Method.java:566)
	at org.apache.maven.surefire.util.ReflectionUtils.invokeMethodWithArray(ReflectionUtils.java:189)
	at org.apache.maven.surefire.booter.ProviderFactory$ProviderProxy.invoke(ProviderFactory.java:165)
	at org.apache.maven.surefire.booter.ProviderFactory.invokeProvider(ProviderFactory.java:85)
	at org.apache.maven.surefire.booter.ForkedBooter.runSuitesInProcess(ForkedBooter.java:115)
	at org.apache.maven.surefire.booter.ForkedBooter.main(ForkedBooter.java:75)
</error>
    <system-out>Hibernate: select fitnesspro0_.id as id1_6_, fitnesspro0_.address as address2_6_, fitnesspro0_.description as descript3_6_, fitnesspro0_.email as email4_6_, fitnesspro0_.name as name5_6_, fitnesspro0_.password as password6_6_, fitnesspro0_.phone_number as phone_nu7_6_, fitnesspro0_.website as website8_6_ from fitness_provider fitnesspro0_ where fitnesspro0_.name=?
2019-05-25 12:22:00.588 ERROR 4724 --- [           main] .g.b.s.i.MyFitnessProviderDetailsService : Bad credentials
Hibernate: select dude0_.id as id1_1_, dude0_.birthday as birthday2_1_, dude0_.description as descript3_1_, dude0_.email as email4_1_, dude0_.height as height5_1_, dude0_.name as name6_1_, dude0_.password as password7_1_, dude0_.self_assessment as self_ass8_1_, dude0_.sex as sex9_1_, dude0_.status as status10_1_, dude0_.weight as weight11_1_ from dude dude0_ where dude0_.name=?
2019-05-25 12:22:00.666 ERROR 4724 --- [           main] a.a.t.s.g.b.s.i.MyDudeDetailsService     : Bad credentials
</system-out>
  </testcase>
  <testcase classname="at.ac.tuwien.sepm.groupphase.backend.integrationtest.MessageEndpointTest" name="findAllMessageUnauthorizedAsAnonymous" time="0.156">
    <error message="Bad credentials" type="org.springframework.security.authentication.BadCredentialsException">org.springframework.security.authentication.BadCredentialsException: Bad credentials
	at org.springframework.security.authentication.dao.AbstractUserDetailsAuthenticationProvider.authenticate(AbstractUserDetailsAuthenticationProvider.java:151)
	at org.springframework.security.authentication.ProviderManager.authenticate(ProviderManager.java:175)
	at org.springframework.security.authentication.ProviderManager.authenticate(ProviderManager.java:200)
	at org.springframework.security.config.annotation.web.configuration.WebSecurityConfigurerAdapter$AuthenticationManagerDelegator.authenticate(WebSecurityConfigurerAdapter.java:503)
	at java.base/jdk.internal.reflect.NativeMethodAccessorImpl.invoke0(Native Method)
	at java.base/jdk.internal.reflect.NativeMethodAccessorImpl.invoke(NativeMethodAccessorImpl.java:62)
	at java.base/jdk.internal.reflect.DelegatingMethodAccessorImpl.invoke(DelegatingMethodAccessorImpl.java:43)
	at java.base/java.lang.reflect.Method.invoke(Method.java:566)
	at org.springframework.aop.support.AopUtils.invokeJoinpointUsingReflection(AopUtils.java:343)
	at org.springframework.aop.framework.JdkDynamicAopProxy.invoke(JdkDynamicAopProxy.java:206)
	at com.sun.proxy.$Proxy163.authenticate(Unknown Source)
	at at.ac.tuwien.sepm.groupphase.backend.service.implementation.SimpleHeaderTokenAuthenticationService.authenticate(SimpleHeaderTokenAuthenticationService.java:66)
	at at.ac.tuwien.sepm.groupphase.backend.integrationtest.base.BaseIntegrationTest.beforeBase(BaseIntegrationTest.java:56)
	at java.base/jdk.internal.reflect.NativeMethodAccessorImpl.invoke0(Native Method)
	at java.base/jdk.internal.reflect.NativeMethodAccessorImpl.invoke(NativeMethodAccessorImpl.java:62)
	at java.base/jdk.internal.reflect.DelegatingMethodAccessorImpl.invoke(DelegatingMethodAccessorImpl.java:43)
	at java.base/java.lang.reflect.Method.invoke(Method.java:566)
	at org.junit.runners.model.FrameworkMethod$1.runReflectiveCall(FrameworkMethod.java:50)
	at org.junit.internal.runners.model.ReflectiveCallable.run(ReflectiveCallable.java:12)
	at org.junit.runners.model.FrameworkMethod.invokeExplosively(FrameworkMethod.java:47)
	at org.junit.internal.runners.statements.RunBefores.evaluate(RunBefores.java:24)
	at org.springframework.test.context.junit4.statements.RunBeforeTestMethodCallbacks.evaluate(RunBeforeTestMethodCallbacks.java:75)
	at org.springframework.test.context.junit4.statements.RunAfterTestMethodCallbacks.evaluate(RunAfterTestMethodCallbacks.java:86)
	at org.springframework.test.context.junit4.statements.SpringRepeat.evaluate(SpringRepeat.java:84)
	at org.junit.runners.ParentRunner.runLeaf(ParentRunner.java:325)
	at org.springframework.test.context.junit4.SpringJUnit4ClassRunner.runChild(SpringJUnit4ClassRunner.java:251)
	at org.springframework.test.context.junit4.SpringJUnit4ClassRunner.runChild(SpringJUnit4ClassRunner.java:97)
	at org.junit.runners.ParentRunner$3.run(ParentRunner.java:290)
	at org.junit.runners.ParentRunner$1.schedule(ParentRunner.java:71)
	at org.junit.runners.ParentRunner.runChildren(ParentRunner.java:288)
	at org.junit.runners.ParentRunner.access$000(ParentRunner.java:58)
	at org.junit.runners.ParentRunner$2.evaluate(ParentRunner.java:268)
	at org.springframework.test.context.junit4.statements.RunBeforeTestClassCallbacks.evaluate(RunBeforeTestClassCallbacks.java:61)
	at org.springframework.test.context.junit4.statements.RunAfterTestClassCallbacks.evaluate(RunAfterTestClassCallbacks.java:70)
	at org.junit.runners.ParentRunner.run(ParentRunner.java:363)
	at org.springframework.test.context.junit4.SpringJUnit4ClassRunner.run(SpringJUnit4ClassRunner.java:190)
	at org.apache.maven.surefire.junit4.JUnit4Provider.execute(JUnit4Provider.java:252)
	at org.apache.maven.surefire.junit4.JUnit4Provider.executeTestSet(JUnit4Provider.java:141)
	at org.apache.maven.surefire.junit4.JUnit4Provider.invoke(JUnit4Provider.java:112)
	at java.base/jdk.internal.reflect.NativeMethodAccessorImpl.invoke0(Native Method)
	at java.base/jdk.internal.reflect.NativeMethodAccessorImpl.invoke(NativeMethodAccessorImpl.java:62)
	at java.base/jdk.internal.reflect.DelegatingMethodAccessorImpl.invoke(DelegatingMethodAccessorImpl.java:43)
	at java.base/java.lang.reflect.Method.invoke(Method.java:566)
	at org.apache.maven.surefire.util.ReflectionUtils.invokeMethodWithArray(ReflectionUtils.java:189)
	at org.apache.maven.surefire.booter.ProviderFactory$ProviderProxy.invoke(ProviderFactory.java:165)
	at org.apache.maven.surefire.booter.ProviderFactory.invokeProvider(ProviderFactory.java:85)
	at org.apache.maven.surefire.booter.ForkedBooter.runSuitesInProcess(ForkedBooter.java:115)
	at org.apache.maven.surefire.booter.ForkedBooter.main(ForkedBooter.java:75)
</error>
    <system-out>Hibernate: select fitnesspro0_.id as id1_6_, fitnesspro0_.address as address2_6_, fitnesspro0_.description as descript3_6_, fitnesspro0_.email as email4_6_, fitnesspro0_.name as name5_6_, fitnesspro0_.password as password6_6_, fitnesspro0_.phone_number as phone_nu7_6_, fitnesspro0_.website as website8_6_ from fitness_provider fitnesspro0_ where fitnesspro0_.name=?
2019-05-25 12:22:00.744 ERROR 4724 --- [           main] .g.b.s.i.MyFitnessProviderDetailsService : Bad credentials
Hibernate: select dude0_.id as id1_1_, dude0_.birthday as birthday2_1_, dude0_.description as descript3_1_, dude0_.email as email4_1_, dude0_.height as height5_1_, dude0_.name as name6_1_, dude0_.password as password7_1_, dude0_.self_assessment as self_ass8_1_, dude0_.sex as sex9_1_, dude0_.status as status10_1_, dude0_.weight as weight11_1_ from dude dude0_ where dude0_.name=?
2019-05-25 12:22:00.822 ERROR 4724 --- [           main] a.a.t.s.g.b.s.i.MyDudeDetailsService     : Bad credentials
</system-out>
  </testcase>
  <testcase classname="at.ac.tuwien.sepm.groupphase.backend.integrationtest.MessageEndpointTest" name="findSpecificNonExistingMessageNotFoundAsUser" time="0.172">
    <error message="Bad credentials" type="org.springframework.security.authentication.BadCredentialsException">org.springframework.security.authentication.BadCredentialsException: Bad credentials
	at org.springframework.security.authentication.dao.AbstractUserDetailsAuthenticationProvider.authenticate(AbstractUserDetailsAuthenticationProvider.java:151)
	at org.springframework.security.authentication.ProviderManager.authenticate(ProviderManager.java:175)
	at org.springframework.security.authentication.ProviderManager.authenticate(ProviderManager.java:200)
	at org.springframework.security.config.annotation.web.configuration.WebSecurityConfigurerAdapter$AuthenticationManagerDelegator.authenticate(WebSecurityConfigurerAdapter.java:503)
	at java.base/jdk.internal.reflect.NativeMethodAccessorImpl.invoke0(Native Method)
	at java.base/jdk.internal.reflect.NativeMethodAccessorImpl.invoke(NativeMethodAccessorImpl.java:62)
	at java.base/jdk.internal.reflect.DelegatingMethodAccessorImpl.invoke(DelegatingMethodAccessorImpl.java:43)
	at java.base/java.lang.reflect.Method.invoke(Method.java:566)
	at org.springframework.aop.support.AopUtils.invokeJoinpointUsingReflection(AopUtils.java:343)
	at org.springframework.aop.framework.JdkDynamicAopProxy.invoke(JdkDynamicAopProxy.java:206)
	at com.sun.proxy.$Proxy163.authenticate(Unknown Source)
	at at.ac.tuwien.sepm.groupphase.backend.service.implementation.SimpleHeaderTokenAuthenticationService.authenticate(SimpleHeaderTokenAuthenticationService.java:66)
	at at.ac.tuwien.sepm.groupphase.backend.integrationtest.base.BaseIntegrationTest.beforeBase(BaseIntegrationTest.java:56)
	at java.base/jdk.internal.reflect.NativeMethodAccessorImpl.invoke0(Native Method)
	at java.base/jdk.internal.reflect.NativeMethodAccessorImpl.invoke(NativeMethodAccessorImpl.java:62)
	at java.base/jdk.internal.reflect.DelegatingMethodAccessorImpl.invoke(DelegatingMethodAccessorImpl.java:43)
	at java.base/java.lang.reflect.Method.invoke(Method.java:566)
	at org.junit.runners.model.FrameworkMethod$1.runReflectiveCall(FrameworkMethod.java:50)
	at org.junit.internal.runners.model.ReflectiveCallable.run(ReflectiveCallable.java:12)
	at org.junit.runners.model.FrameworkMethod.invokeExplosively(FrameworkMethod.java:47)
	at org.junit.internal.runners.statements.RunBefores.evaluate(RunBefores.java:24)
	at org.springframework.test.context.junit4.statements.RunBeforeTestMethodCallbacks.evaluate(RunBeforeTestMethodCallbacks.java:75)
	at org.springframework.test.context.junit4.statements.RunAfterTestMethodCallbacks.evaluate(RunAfterTestMethodCallbacks.java:86)
	at org.springframework.test.context.junit4.statements.SpringRepeat.evaluate(SpringRepeat.java:84)
	at org.junit.runners.ParentRunner.runLeaf(ParentRunner.java:325)
	at org.springframework.test.context.junit4.SpringJUnit4ClassRunner.runChild(SpringJUnit4ClassRunner.java:251)
	at org.springframework.test.context.junit4.SpringJUnit4ClassRunner.runChild(SpringJUnit4ClassRunner.java:97)
	at org.junit.runners.ParentRunner$3.run(ParentRunner.java:290)
	at org.junit.runners.ParentRunner$1.schedule(ParentRunner.java:71)
	at org.junit.runners.ParentRunner.runChildren(ParentRunner.java:288)
	at org.junit.runners.ParentRunner.access$000(ParentRunner.java:58)
	at org.junit.runners.ParentRunner$2.evaluate(ParentRunner.java:268)
	at org.springframework.test.context.junit4.statements.RunBeforeTestClassCallbacks.evaluate(RunBeforeTestClassCallbacks.java:61)
	at org.springframework.test.context.junit4.statements.RunAfterTestClassCallbacks.evaluate(RunAfterTestClassCallbacks.java:70)
	at org.junit.runners.ParentRunner.run(ParentRunner.java:363)
	at org.springframework.test.context.junit4.SpringJUnit4ClassRunner.run(SpringJUnit4ClassRunner.java:190)
	at org.apache.maven.surefire.junit4.JUnit4Provider.execute(JUnit4Provider.java:252)
	at org.apache.maven.surefire.junit4.JUnit4Provider.executeTestSet(JUnit4Provider.java:141)
	at org.apache.maven.surefire.junit4.JUnit4Provider.invoke(JUnit4Provider.java:112)
	at java.base/jdk.internal.reflect.NativeMethodAccessorImpl.invoke0(Native Method)
	at java.base/jdk.internal.reflect.NativeMethodAccessorImpl.invoke(NativeMethodAccessorImpl.java:62)
	at java.base/jdk.internal.reflect.DelegatingMethodAccessorImpl.invoke(DelegatingMethodAccessorImpl.java:43)
	at java.base/java.lang.reflect.Method.invoke(Method.java:566)
	at org.apache.maven.surefire.util.ReflectionUtils.invokeMethodWithArray(ReflectionUtils.java:189)
	at org.apache.maven.surefire.booter.ProviderFactory$ProviderProxy.invoke(ProviderFactory.java:165)
	at org.apache.maven.surefire.booter.ProviderFactory.invokeProvider(ProviderFactory.java:85)
	at org.apache.maven.surefire.booter.ForkedBooter.runSuitesInProcess(ForkedBooter.java:115)
	at org.apache.maven.surefire.booter.ForkedBooter.main(ForkedBooter.java:75)
</error>
    <system-out>Hibernate: select fitnesspro0_.id as id1_6_, fitnesspro0_.address as address2_6_, fitnesspro0_.description as descript3_6_, fitnesspro0_.email as email4_6_, fitnesspro0_.name as name5_6_, fitnesspro0_.password as password6_6_, fitnesspro0_.phone_number as phone_nu7_6_, fitnesspro0_.website as website8_6_ from fitness_provider fitnesspro0_ where fitnesspro0_.name=?
2019-05-25 12:22:00.900 ERROR 4724 --- [           main] .g.b.s.i.MyFitnessProviderDetailsService : Bad credentials
Hibernate: select dude0_.id as id1_1_, dude0_.birthday as birthday2_1_, dude0_.description as descript3_1_, dude0_.email as email4_1_, dude0_.height as height5_1_, dude0_.name as name6_1_, dude0_.password as password7_1_, dude0_.self_assessment as self_ass8_1_, dude0_.sex as sex9_1_, dude0_.status as status10_1_, dude0_.weight as weight11_1_ from dude dude0_ where dude0_.name=?
2019-05-25 12:22:00.978 ERROR 4724 --- [           main] a.a.t.s.g.b.s.i.MyDudeDetailsService     : Bad credentials
</system-out>
  </testcase>
  <testcase classname="at.ac.tuwien.sepm.groupphase.backend.integrationtest.MessageEndpointTest" name="publishMessageUnauthorizedAsUser" time="0.156">
    <error message="Bad credentials" type="org.springframework.security.authentication.BadCredentialsException">org.springframework.security.authentication.BadCredentialsException: Bad credentials
	at org.springframework.security.authentication.dao.AbstractUserDetailsAuthenticationProvider.authenticate(AbstractUserDetailsAuthenticationProvider.java:151)
	at org.springframework.security.authentication.ProviderManager.authenticate(ProviderManager.java:175)
	at org.springframework.security.authentication.ProviderManager.authenticate(ProviderManager.java:200)
	at org.springframework.security.config.annotation.web.configuration.WebSecurityConfigurerAdapter$AuthenticationManagerDelegator.authenticate(WebSecurityConfigurerAdapter.java:503)
	at java.base/jdk.internal.reflect.NativeMethodAccessorImpl.invoke0(Native Method)
	at java.base/jdk.internal.reflect.NativeMethodAccessorImpl.invoke(NativeMethodAccessorImpl.java:62)
	at java.base/jdk.internal.reflect.DelegatingMethodAccessorImpl.invoke(DelegatingMethodAccessorImpl.java:43)
	at java.base/java.lang.reflect.Method.invoke(Method.java:566)
	at org.springframework.aop.support.AopUtils.invokeJoinpointUsingReflection(AopUtils.java:343)
	at org.springframework.aop.framework.JdkDynamicAopProxy.invoke(JdkDynamicAopProxy.java:206)
	at com.sun.proxy.$Proxy163.authenticate(Unknown Source)
	at at.ac.tuwien.sepm.groupphase.backend.service.implementation.SimpleHeaderTokenAuthenticationService.authenticate(SimpleHeaderTokenAuthenticationService.java:66)
	at at.ac.tuwien.sepm.groupphase.backend.integrationtest.base.BaseIntegrationTest.beforeBase(BaseIntegrationTest.java:56)
	at java.base/jdk.internal.reflect.NativeMethodAccessorImpl.invoke0(Native Method)
	at java.base/jdk.internal.reflect.NativeMethodAccessorImpl.invoke(NativeMethodAccessorImpl.java:62)
	at java.base/jdk.internal.reflect.DelegatingMethodAccessorImpl.invoke(DelegatingMethodAccessorImpl.java:43)
	at java.base/java.lang.reflect.Method.invoke(Method.java:566)
	at org.junit.runners.model.FrameworkMethod$1.runReflectiveCall(FrameworkMethod.java:50)
	at org.junit.internal.runners.model.ReflectiveCallable.run(ReflectiveCallable.java:12)
	at org.junit.runners.model.FrameworkMethod.invokeExplosively(FrameworkMethod.java:47)
	at org.junit.internal.runners.statements.RunBefores.evaluate(RunBefores.java:24)
	at org.springframework.test.context.junit4.statements.RunBeforeTestMethodCallbacks.evaluate(RunBeforeTestMethodCallbacks.java:75)
	at org.springframework.test.context.junit4.statements.RunAfterTestMethodCallbacks.evaluate(RunAfterTestMethodCallbacks.java:86)
	at org.springframework.test.context.junit4.statements.SpringRepeat.evaluate(SpringRepeat.java:84)
	at org.junit.runners.ParentRunner.runLeaf(ParentRunner.java:325)
	at org.springframework.test.context.junit4.SpringJUnit4ClassRunner.runChild(SpringJUnit4ClassRunner.java:251)
	at org.springframework.test.context.junit4.SpringJUnit4ClassRunner.runChild(SpringJUnit4ClassRunner.java:97)
	at org.junit.runners.ParentRunner$3.run(ParentRunner.java:290)
	at org.junit.runners.ParentRunner$1.schedule(ParentRunner.java:71)
	at org.junit.runners.ParentRunner.runChildren(ParentRunner.java:288)
	at org.junit.runners.ParentRunner.access$000(ParentRunner.java:58)
	at org.junit.runners.ParentRunner$2.evaluate(ParentRunner.java:268)
	at org.springframework.test.context.junit4.statements.RunBeforeTestClassCallbacks.evaluate(RunBeforeTestClassCallbacks.java:61)
	at org.springframework.test.context.junit4.statements.RunAfterTestClassCallbacks.evaluate(RunAfterTestClassCallbacks.java:70)
	at org.junit.runners.ParentRunner.run(ParentRunner.java:363)
	at org.springframework.test.context.junit4.SpringJUnit4ClassRunner.run(SpringJUnit4ClassRunner.java:190)
	at org.apache.maven.surefire.junit4.JUnit4Provider.execute(JUnit4Provider.java:252)
	at org.apache.maven.surefire.junit4.JUnit4Provider.executeTestSet(JUnit4Provider.java:141)
	at org.apache.maven.surefire.junit4.JUnit4Provider.invoke(JUnit4Provider.java:112)
	at java.base/jdk.internal.reflect.NativeMethodAccessorImpl.invoke0(Native Method)
	at java.base/jdk.internal.reflect.NativeMethodAccessorImpl.invoke(NativeMethodAccessorImpl.java:62)
	at java.base/jdk.internal.reflect.DelegatingMethodAccessorImpl.invoke(DelegatingMethodAccessorImpl.java:43)
	at java.base/java.lang.reflect.Method.invoke(Method.java:566)
	at org.apache.maven.surefire.util.ReflectionUtils.invokeMethodWithArray(ReflectionUtils.java:189)
	at org.apache.maven.surefire.booter.ProviderFactory$ProviderProxy.invoke(ProviderFactory.java:165)
	at org.apache.maven.surefire.booter.ProviderFactory.invokeProvider(ProviderFactory.java:85)
	at org.apache.maven.surefire.booter.ForkedBooter.runSuitesInProcess(ForkedBooter.java:115)
	at org.apache.maven.surefire.booter.ForkedBooter.main(ForkedBooter.java:75)
</error>
    <system-out>Hibernate: select fitnesspro0_.id as id1_6_, fitnesspro0_.address as address2_6_, fitnesspro0_.description as descript3_6_, fitnesspro0_.email as email4_6_, fitnesspro0_.name as name5_6_, fitnesspro0_.password as password6_6_, fitnesspro0_.phone_number as phone_nu7_6_, fitnesspro0_.website as website8_6_ from fitness_provider fitnesspro0_ where fitnesspro0_.name=?
2019-05-25 12:22:01.072 ERROR 4724 --- [           main] .g.b.s.i.MyFitnessProviderDetailsService : Bad credentials
Hibernate: select dude0_.id as id1_1_, dude0_.birthday as birthday2_1_, dude0_.description as descript3_1_, dude0_.email as email4_1_, dude0_.height as height5_1_, dude0_.name as name6_1_, dude0_.password as password7_1_, dude0_.self_assessment as self_ass8_1_, dude0_.sex as sex9_1_, dude0_.status as status10_1_, dude0_.weight as weight11_1_ from dude dude0_ where dude0_.name=?
2019-05-25 12:22:01.150 ERROR 4724 --- [           main] a.a.t.s.g.b.s.i.MyDudeDetailsService     : Bad credentials
</system-out>
  </testcase>
</testsuite>